<?xml version="1.0" encoding="UTF-8"?>
<!-- Generated by org.testng.reporters.JUnitReportReporter -->
<testsuite hostname="INLEN8520047493" failures="0" tests="5" name="allRequests.RequestMethods" time="1.436" errors="0" timestamp="2022-08-22T12:31:03 IST" skipped="0">
  <testcase classname="allRequests.RequestMethods" name="init" time="1.205"/>
  <system-out/>
  <testcase classname="allRequests.RequestMethods" name="init" time="0.045"/>
  <system-out/>
  <testcase classname="allRequests.RequestMethods" name="init" time="0.077"/>
  <system-out/>
  <testcase classname="allRequests.RequestMethods" name="init" time="0.047"/>
  <system-out/>
  <testcase classname="allRequests.RequestMethods" name="init" time="0.062"/>
  <system-out/>
</testsuite> <!-- allRequests.RequestMethods -->
