<?xml version="1.0" encoding="UTF-8"?>
<!-- Generated by org.testng.reporters.JUnitReportReporter -->
<testsuite hostname="INLEN8520047493" failures="0" tests="5" name="allRequests.RequestMethods" time="1.061" errors="0" timestamp="2022-08-08T12:45:33 IST" skipped="0">
  <testcase classname="allRequests.RequestMethods" name="init" time="0.047"/>
  <system-out/>
  <testcase classname="allRequests.RequestMethods" name="init" time="0.044"/>
  <system-out/>
  <testcase classname="allRequests.RequestMethods" name="init" time="0.030"/>
  <system-out/>
  <testcase classname="allRequests.RequestMethods" name="init" time="0.047"/>
  <system-out/>
  <testcase classname="allRequests.RequestMethods" name="init" time="0.893"/>
  <system-out/>
</testsuite> <!-- allRequests.RequestMethods -->
